[0421/193649.813:ERROR:file_io_win.cc(163)] CreateFile C:\Program Files (x86)\settings.dat: Access is denied. (0x5)
[0421/193649.926:ERROR:registration_protocol_win.cc(84)] TransactNamedPipe: The pipe has been ended. (0x6D)
[0421/193649.927:ERROR:file_io_win.cc(163)] CreateFile C:\Program Files (x86)\settings.dat: Access is denied. (0x5)
[0421/193650.142:ERROR:crashpad_client_win.cc(660)] crash server failed to launch, no dump captured
[0422/141852.578:ERROR:file_io_win.cc(163)] CreateFile C:\Program Files (x86)\settings.dat: Access is denied. (0x5)
[0422/141852.581:ERROR:registration_protocol_win.cc(84)] TransactNamedPipe: The pipe has been ended. (0x6D)
[0422/141852.582:ERROR:file_io_win.cc(163)] CreateFile C:\Program Files (x86)\settings.dat: Access is denied. (0x5)
[0422/141853.488:ERROR:crashpad_client_win.cc(660)] crash server failed to launch, no dump captured
[0423/103303.827:ERROR:file_io_win.cc(163)] CreateFile C:\Program Files (x86)\settings.dat: Access is denied. (0x5)
[0423/103303.830:ERROR:registration_protocol_win.cc(84)] TransactNamedPipe: The pipe has been ended. (0x6D)
[0423/103303.873:ERROR:file_io_win.cc(163)] CreateFile C:\Program Files (x86)\settings.dat: Access is denied. (0x5)
[0423/103304.918:ERROR:crashpad_client_win.cc(660)] crash server failed to launch, no dump captured
[0518/192657.741:ERROR:exception_snapshot_win.cc(87)] thread ID 1708 not found in process
[0518/192657.742:WARNING:crash_report_exception_handler.cc(60)] ProcessSnapshotWin::Initialize failed
[0521/071719.083:ERROR:file_io_win.cc(163)] CreateFile C:\Program Files (x86)\Google\Chrome\settings.dat: Access is denied. (0x5)
[0521/071719.203:ERROR:registration_protocol_win.cc(83)] TransactNamedPipe: The pipe has been ended. (0x6D)
[0521/071719.207:ERROR:file_io_win.cc(163)] CreateFile C:\Program Files (x86)\Google\Chrome\settings.dat: Access is denied. (0x5)
[0527/103950.034:ERROR:file_io_win.cc(163)] CreateFile C:\Program Files (x86)\Google\Chrome\settings.dat: Access is denied. (0x5)
[0527/103950.038:ERROR:registration_protocol_win.cc(83)] TransactNamedPipe: The pipe has been ended. (0x6D)
[0527/103950.040:ERROR:file_io_win.cc(163)] CreateFile C:\Program Files (x86)\Google\Chrome\settings.dat: Access is denied. (0x5)
